<?xml version="1.0" encoding="UTF-8"?>
<!-- Generated by org.testng.reporters.JUnitReportReporter -->
<testsuite hostname="DESKTOP-UOA1P9F" failures="0" tests="2" name="org.tce.login.test.TestLogin" time="7.025" errors="0" timestamp="2025-01-16T12:26:50 IST" skipped="0">
  <testcase classname="org.tce.login.test.TestLogin" name="Tc1" time="2.759"/>
  <system-out/>
  <testcase classname="org.tce.login.test.TestLogin" name="Tc2" time="4.266"/>
  <system-out/>
</testsuite> <!-- org.tce.login.test.TestLogin -->
