<?xml version="1.0" encoding="UTF-8"?>
<!-- Generated by org.testng.reporters.JUnitReportReporter -->
<testsuite skipped="0" hostname="arunsakthi" name="org.tcs.testing.siginup.MainClass" tests="4" failures="0" timestamp="23 May 2024 13:19:01 GMT" time="5.534" errors="0">
  <testcase name="Tc3" time="0.806" classname="org.tcs.testing.siginup.MainClass"/>
  <testcase name="Tc1" time="1.298" classname="org.tcs.testing.siginup.MainClass"/>
  <testcase name="Tc4" time="0.957" classname="org.tcs.testing.siginup.MainClass"/>
  <testcase name="Tc2" time="2.473" classname="org.tcs.testing.siginup.MainClass"/>
</testsuite> <!-- org.tcs.testing.siginup.MainClass -->
