<?xml version="1.0" encoding="UTF-8"?>
<!-- Generated by org.testng.reporters.JUnitReportReporter -->
<testsuite hostname="DESKTOP-UOA1P9F" failures="0" tests="4" name="org.tcs.testing.siginup.MainClass" time="2.533" errors="0" timestamp="2025-01-16T11:04:14 IST" skipped="0">
  <testcase classname="org.tcs.testing.siginup.MainClass" name="Tc2" time="0.741"/>
  <system-out/>
  <testcase classname="org.tcs.testing.siginup.MainClass" name="Tc4" time="0.647"/>
  <system-out/>
  <testcase classname="org.tcs.testing.siginup.MainClass" name="Tc1" time="0.738"/>
  <system-out/>
  <testcase classname="org.tcs.testing.siginup.MainClass" name="Tc3" time="0.407"/>
  <system-out/>
</testsuite> <!-- org.tcs.testing.siginup.MainClass -->
