<?xml version="1.0" encoding="UTF-8"?>
<!-- Generated by org.testng.reporters.JUnitReportReporter -->
<testsuite hostname="DESKTOP-UOA1P9F" failures="0" tests="3" name="org.tce.login.test.TestLogin" time="16.766" errors="0" timestamp="2025-01-17T16:44:10 IST" skipped="0">
  <testcase classname="org.tce.login.test.TestLogin" name="Tc2" time="6.956"/>
  <system-out/>
  <testcase classname="org.tce.login.test.TestLogin" name="Tc1" time="5.073"/>
  <system-out/>
  <testcase classname="org.tce.login.test.TestLogin" name="Tc3" time="4.737"/>
  <system-out/>
</testsuite> <!-- org.tce.login.test.TestLogin -->
